#
# There is insufficient memory for the Java Runtime Environment to continue.
# Native memory allocation (mmap) failed to map 1048576 bytes. Error detail: G1 virtual space
# Possible reasons:
#   The system is out of physical RAM or swap space
#   This process is running with CompressedOops enabled, and the Java Heap may be blocking the growth of the native heap
# Possible solutions:
#   Reduce memory load on the system
#   Increase physical memory or swap space
#   Check if swap backing store is full
#   Decrease Java heap size (-Xmx/-Xms)
#   Decrease number of Java threads
#   Decrease Java thread stack sizes (-Xss)
#   Set larger code cache with -XX:ReservedCodeCacheSize=
#   JVM is running with Unscaled Compressed Oops mode in which the Java heap is
#     placed in the first 4GB address space. The Java Heap base address is the
#     maximum limit for the native heap growth. Please use -XX:HeapBaseMinAddress
#     to set the Java Heap base and to place the Java Heap above 4GB virtual address.
# This output file may be truncated or incomplete.
#
#  Out of Memory Error (os_windows.cpp:3564), pid=8692, tid=568
#
# JRE version:  (24.0.1+9) (build )
# Java VM: Java HotSpot(TM) 64-Bit Server VM (24.0.1+9-30, mixed mode, sharing, tiered, compressed oops, compressed class ptrs, g1 gc, windows-amd64)
# No core dump will be written. Minidumps are not enabled by default on client versions of Windows
#

---------------  S U M M A R Y ------------

Command Line: --enable-native-access=ALL-UNNAMED -Dclassworlds.conf=C:\Users\JEREMIE\.m2\wrapper\dists\apache-maven-3.9.14\ed7edd442f634ac1c1ef5ba2b61b6d690b5221091f1a8e1123f5fadcc967520d\bin\m2.conf -Dmaven.home=C:\Users\JEREMIE\.m2\wrapper\dists\apache-maven-3.9.14\ed7edd442f634ac1c1ef5ba2b61b6d690b5221091f1a8e1123f5fadcc967520d -Dlibrary.jansi.path=C:\Users\JEREMIE\.m2\wrapper\dists\apache-maven-3.9.14\ed7edd442f634ac1c1ef5ba2b61b6d690b5221091f1a8e1123f5fadcc967520d\lib\jansi-native -Dmaven.multiModuleProjectDirectory=C:\Users\JEREMIE\Documents\ICTL3\S2\ICT304\Fadile_Api_GesionBanque\untitled org.codehaus.plexus.classworlds.launcher.Launcher clean package -DskipTests

Host: Intel(R) Core(TM) i7-8565U CPU @ 1.80GHz, 8 cores, 7G,  Windows 11 , 64 bit Build 26100 (10.0.26100.7920)
Time: Sun Apr 19 12:35:38 2026 Afr. centrale Ouest elapsed time: 0.080511 seconds (0d 0h 0m 0s)

---------------  T H R E A D  ---------------

Current thread (0x000002612b0c0ae0):  JavaThread "Unknown thread" [_thread_in_vm, id=568, stack(0x0000006425d00000,0x0000006425e00000) (1024K)]

Stack: [0x0000006425d00000,0x0000006425e00000]
Native frames: (J=compiled Java code, j=interpreted, Vv=VM code, C=native code)
V  [jvm.dll+0x730739]  (no source info available)
V  [jvm.dll+0x8d9b23]  (no source info available)
V  [jvm.dll+0x8dc00d]  (no source info available)
V  [jvm.dll+0x8dc683]  (no source info available)
V  [jvm.dll+0x2aa086]  (no source info available)
V  [jvm.dll+0x72cc65]  (no source info available)
V  [jvm.dll+0x72059a]  (no source info available)
V  [jvm.dll+0x390cea]  (no source info available)
V  [jvm.dll+0x3989f6]  (no source info available)
V  [jvm.dll+0x384f21]  (no source info available)
V  [jvm.dll+0x3855e4]  (no source info available)
V  [jvm.dll+0x384a34]  (no source info available)
V  [jvm.dll+0x35b48f]  (no source info available)
V  [jvm.dll+0x33da3c]  (no source info available)
V  [jvm.dll+0x33dc50]  (no source info available)
V  [jvm.dll+0x6d4353]  (no source info available)
V  [jvm.dll+0x6d3381]  (no source info available)
V  [jvm.dll+0x6ce3d7]  (no source info available)
V  [jvm.dll+0x89d2d6]  (no source info available)
V  [jvm.dll+0x3f985d]  (no source info available)
V  [jvm.dll+0x8858e6]  (no source info available)
V  [jvm.dll+0x495f3e]  (no source info available)
V  [jvm.dll+0x497d11]  (no source info available)
C  [jli.dll+0x52a1]  (no source info available)
C  [ucrtbase.dll+0x37b0]  (no source info available)
C  [KERNEL32.DLL+0x2e8d7]  (no source info available)
C  [ntdll.dll+0x8c48c]  (no source info available)

Lock stack of current Java thread (top to bottom):


---------------  P R O C E S S  ---------------

Threads class SMR info:
_java_thread_list=0x00007ff84186f318, length=0, elements={
}

Java Threads: ( => current thread )
Total: 0

Other Threads:
  0x000002612d536310 WorkerThread "GC Thread#0"                     [id=3020, stack(0x0000006425e00000,0x0000006425f00000) (1024K)]
  0x000002612d54aaf0 ConcurrentGCThread "G1 Main Marker"            [id=26544, stack(0x0000006425f00000,0x0000006426000000) (1024K)]
  0x000002612d54dc80 WorkerThread "G1 Conc#0"                       [id=27596, stack(0x0000006426000000,0x0000006426100000) (1024K)]
  0x0000026149e81f30 ConcurrentGCThread "G1 Refine#0"               [id=22380, stack(0x0000006426100000,0x0000006426200000) (1024K)]
  0x0000026149e82760 ConcurrentGCThread "G1 Service"                [id=25968, stack(0x0000006426200000,0x0000006426300000) (1024K)]

=>0x000002612b0c0ae0 (exited) JavaThread "Unknown thread"    [_thread_in_vm, id=568, stack(0x0000006425d00000,0x0000006425e00000) (1024K)]
Total: 6

Threads with active compile tasks:
Total: 0

VM state: not at safepoint (not fully initialized)

VM Mutex/Monitor currently owned by a thread:  ([mutex/lock_event])
[0x00007ff8418f45b0] Heap_lock - owner thread: 0x000002612b0c0ae0

Heap address: 0x0000000083600000, size: 1994 MB, Compressed Oops mode: 32-bit

CDS archive(s) mapped at: [0x0000000000000000-0x0000000000000000-0x0000000000000000), size 0, SharedBaseAddress: 0x000002614b000000, ArchiveRelocationMode: 1.
Compressed class space mapped at: 0x000002614c000000-0x000002618c000000, reserved size: 1073741824
UseCompressedClassPointers 1, UseCompactObjectHeaders 0
Narrow klass pointer bits 32, Max shift 3
Narrow klass base: 0x000002614b000000, Narrow klass shift: 0
Encoding Range: [0x000002614b000000 - 0x000002624b000000), (4294967296 bytes)
Klass Range:    [0x000002614b000000 - 0x000002618c000000), (1090519040 bytes)
Klass ID Range:  [8 - 1090519033) (1090519025)

GC Precious Log:
 CardTable entry size: 512
 Card Set container configuration: InlinePtr #cards 5 size 8 Array Of Cards #cards 10 size 36 Howl #buckets 4 coarsen threshold 1843 Howl Bitmap #cards 512 size 80 coarsen threshold 460 Card regions per heap region 1 cards per card region 2048
 CPUs: 8 total, 8 available
 Memory: 7971M
 Large Page Support: Disabled
 NUMA Support: Disabled
 Compressed Oops: Enabled (32-bit)
 Heap Region Size: 1M
 Heap Min Capacity: 8M
 Heap Initial Capacity: 126M
 Heap Max Capacity: 1994M
 Pre-touch: Disabled
 Parallel Workers: 8
 Concurrent Workers: 2
 Concurrent Refinement Workers: 8
 Periodic GC: Disabled

Heap:
 garbage-first heap   total reserved 2041856K, committed 129024K, used 0K [0x0000000083600000, 0x0000000100000000)
  region size 1024K, 0 young (0K), 0 survivors (0K)

[error occurred during error reporting (printing heap information), id 0xc0000005, EXCEPTION_ACCESS_VIOLATION (0xc0000005) at pc=0x00007ff8413be3e9]
GC Heap History (0 events):
No events

Dll operation events (1 events):
Event: 0.037 Loaded shared library E:\Programme\Java\jdk-24\bin\java.dll

Deoptimization events (0 events):
No events

Classes loaded (0 events):
No events

Classes unloaded (0 events):
No events

Classes redefined (0 events):
No events

Internal exceptions (0 events):
No events

VM Operations (0 events):
No events

Memory protections (0 events):
No events

Nmethod flushes (0 events):
No events

Events (0 events):
No events


Dynamic libraries:
0x00007ff6e6350000 - 0x00007ff6e6360000 	E:\Programme\Java\jdk-24\bin\java.exe
0x00007ff8ce7e0000 - 0x00007ff8cea47000 	C:\WINDOWS\SYSTEM32\ntdll.dll
0x00007ff8cdcc0000 - 0x00007ff8cdd89000 	C:\WINDOWS\System32\KERNEL32.DLL
0x00007ff8cc180000 - 0x00007ff8cc571000 	C:\WINDOWS\System32\KERNELBASE.dll
0x00007ff8cbec0000 - 0x00007ff8cc00b000 	C:\WINDOWS\System32\ucrtbase.dll
0x00007ff8b8160000 - 0x00007ff8b8176000 	E:\Programme\Java\jdk-24\bin\jli.dll
0x00007ff8b5dc0000 - 0x00007ff8b5ddb000 	E:\Programme\Java\jdk-24\bin\VCRUNTIME140.dll
0x00007ff8ce130000 - 0x00007ff8ce2f5000 	C:\WINDOWS\System32\USER32.dll
0x00007ff8cb0c0000 - 0x00007ff8cb0e7000 	C:\WINDOWS\System32\win32u.dll
0x00007ff8cda30000 - 0x00007ff8cda5b000 	C:\WINDOWS\System32\GDI32.dll
0x00007ff8b2450000 - 0x00007ff8b26e3000 	C:\WINDOWS\WinSxS\amd64_microsoft.windows.common-controls_6595b64144ccf1df_6.0.26100.8037_none_3e092faae333b53b\COMCTL32.dll
0x00007ff8ce6f0000 - 0x00007ff8ce799000 	C:\WINDOWS\System32\msvcrt.dll
0x00007ff8cb0f0000 - 0x00007ff8cb21b000 	C:\WINDOWS\System32\gdi32full.dll
0x00007ff8cc010000 - 0x00007ff8cc0b3000 	C:\WINDOWS\System32\msvcp_win.dll
0x00007ff8cc720000 - 0x00007ff8cc751000 	C:\WINDOWS\System32\IMM32.DLL
0x00000000622c0000 - 0x00000000622cd000 	C:\Program Files (x86)\360\Total Security\safemon\SafeWrapper.dll
0x00007ff8cd0e0000 - 0x00007ff8cd19b000 	C:\WINDOWS\System32\ADVAPI32.dll
0x00007ff8cdf20000 - 0x00007ff8cdfc7000 	C:\WINDOWS\System32\sechost.dll
0x00007ff8cd1a0000 - 0x00007ff8cd2b8000 	C:\WINDOWS\System32\RPCRT4.dll
0x00007ff8c62f0000 - 0x00007ff8c63f5000 	C:\Program Files (x86)\360\Total Security\safemon\libzdtp64.dll
0x00007ff8cd2c0000 - 0x00007ff8cda1f000 	C:\WINDOWS\System32\SHELL32.dll
0x00007ff8cb3a0000 - 0x00007ff8cb50a000 	C:\WINDOWS\System32\wintypes.dll
0x00007ff8ccd50000 - 0x00007ff8cd0d2000 	C:\WINDOWS\System32\combase.dll
0x00007ff8ce300000 - 0x00007ff8ce367000 	C:\WINDOWS\System32\SHLWAPI.dll
0x00007ff8cb510000 - 0x00007ff8cbd74000 	C:\WINDOWS\System32\Windows.Storage.dll
0x00007ff8ca9e0000 - 0x00007ff8ca9eb000 	C:\WINDOWS\SYSTEM32\VERSION.dll
0x00007ff8b8150000 - 0x00007ff8b815c000 	E:\Programme\Java\jdk-24\bin\vcruntime140_1.dll
0x00007ff8603a0000 - 0x00007ff86042e000 	E:\Programme\Java\jdk-24\bin\msvcp140.dll
0x00007ff840c30000 - 0x00007ff8419d2000 	E:\Programme\Java\jdk-24\bin\server\jvm.dll
0x00007ff8cc840000 - 0x00007ff8cc8b4000 	C:\WINDOWS\System32\WS2_32.dll
0x00007ff8caf20000 - 0x00007ff8caf7e000 	C:\WINDOWS\SYSTEM32\POWRPROF.dll
0x00007ff8b5240000 - 0x00007ff8b5275000 	C:\WINDOWS\SYSTEM32\WINMM.dll
0x00007ff8caf00000 - 0x00007ff8caf14000 	C:\WINDOWS\SYSTEM32\UMPDC.dll
0x00007ff8c9da0000 - 0x00007ff8c9dbb000 	C:\WINDOWS\SYSTEM32\kernel.appcore.dll
0x00007ff8b7730000 - 0x00007ff8b773a000 	E:\Programme\Java\jdk-24\bin\jimage.dll
0x00007ff8c8f40000 - 0x00007ff8c9182000 	C:\WINDOWS\SYSTEM32\DBGHELP.DLL
0x00007ff8cda60000 - 0x00007ff8cdb37000 	C:\WINDOWS\System32\OLEAUT32.dll
0x00007ff8b78a0000 - 0x00007ff8b78db000 	C:\WINDOWS\SYSTEM32\dbgcore.DLL
0x00007ff8cbe10000 - 0x00007ff8cbeb5000 	C:\WINDOWS\System32\bcryptPrimitives.dll
0x00007ff8b5da0000 - 0x00007ff8b5dbe000 	E:\Programme\Java\jdk-24\bin\java.dll
0x00007ff8cc580000 - 0x00007ff8cc715000 	C:\WINDOWS\System32\ole32.dll

JVMTI agents: none

dbghelp: loaded successfully - version: 4.0.5 - missing functions: none
symbol engine: initialized successfully - sym options: 0x614 - pdb path: .;E:\Programme\Java\jdk-24\bin;C:\WINDOWS\SYSTEM32;C:\WINDOWS\WinSxS\amd64_microsoft.windows.common-controls_6595b64144ccf1df_6.0.26100.8037_none_3e092faae333b53b;C:\Program Files (x86)\360\Total Security\safemon;E:\Programme\Java\jdk-24\bin\server

VM Arguments:
jvm_args: --enable-native-access=ALL-UNNAMED -Dclassworlds.conf=C:\Users\JEREMIE\.m2\wrapper\dists\apache-maven-3.9.14\ed7edd442f634ac1c1ef5ba2b61b6d690b5221091f1a8e1123f5fadcc967520d\bin\m2.conf -Dmaven.home=C:\Users\JEREMIE\.m2\wrapper\dists\apache-maven-3.9.14\ed7edd442f634ac1c1ef5ba2b61b6d690b5221091f1a8e1123f5fadcc967520d -Dlibrary.jansi.path=C:\Users\JEREMIE\.m2\wrapper\dists\apache-maven-3.9.14\ed7edd442f634ac1c1ef5ba2b61b6d690b5221091f1a8e1123f5fadcc967520d\lib\jansi-native -Dmaven.multiModuleProjectDirectory=C:\Users\JEREMIE\Documents\ICTL3\S2\ICT304\Fadile_Api_GesionBanque\untitled 
java_command: org.codehaus.plexus.classworlds.launcher.Launcher clean package -DskipTests
java_class_path (initial): C:\Users\JEREMIE\.m2\wrapper\dists\apache-maven-3.9.14\ed7edd442f634ac1c1ef5ba2b61b6d690b5221091f1a8e1123f5fadcc967520d\boot\plexus-classworlds-2.9.0.jar
Launcher Type: SUN_STANDARD

[Global flags]
     intx CICompilerCount                          = 4                                         {product} {ergonomic}
     uint ConcGCThreads                            = 2                                         {product} {ergonomic}
     uint G1ConcRefinementThreads                  = 8                                         {product} {ergonomic}
   size_t G1HeapRegionSize                         = 1048576                                   {product} {ergonomic}
   size_t InitialHeapSize                          = 132120576                                 {product} {ergonomic}
   size_t MarkStackSize                            = 4194304                                   {product} {ergonomic}
   size_t MarkStackSizeMax                         = 536870912                                 {product} {ergonomic}
   size_t MaxHeapSize                              = 2090860544                                {product} {ergonomic}
   size_t MaxNewSize                               = 1254096896                                {product} {ergonomic}
   size_t MinHeapDeltaBytes                        = 1048576                                   {product} {ergonomic}
   size_t MinHeapSize                              = 8388608                                   {product} {ergonomic}
    uintx NonNMethodCodeHeapSize                   = 5832704                                {pd product} {ergonomic}
    uintx NonProfiledCodeHeapSize                  = 122945536                              {pd product} {ergonomic}
    uintx ProfiledCodeHeapSize                     = 122880000                              {pd product} {ergonomic}
    uintx ReservedCodeCacheSize                    = 251658240                              {pd product} {ergonomic}
     bool SegmentedCodeCache                       = true                                      {product} {ergonomic}
   size_t SoftMaxHeapSize                          = 2090860544                             {manageable} {ergonomic}
     bool UseCompressedOops                        = true                           {product lp64_product} {ergonomic}
     bool UseG1GC                                  = true                                      {product} {ergonomic}
     bool UseLargePagesIndividualAllocation        = false                                  {pd product} {ergonomic}

Logging:
Log output configuration:
 #0: stdout all=warning uptime,level,tags foldmultilines=false
 #1: stderr all=off uptime,level,tags foldmultilines=false

Environment Variables:
JAVA_HOME=E:\Programme\Java\jdk-24
PATH=E:\Programme\VSCode\Microsoft VS Code;C:\Program Files\Common Files\Oracle\Java\javapath;E:\Programme\Java\jdk-24\bin;E:\Programme\Vmware\bin\;E:\Programme\Python39\Scripts\;E:\Programme\Python39\;C:\WINDOWS\system32;C:\WINDOWS;C:\WINDOWS\System32\Wbem;C:\WINDOWS\System32\WindowsPowerShell\v1.0\;C:\WINDOWS\System32\OpenSSH\;E:\Programme\flutter\flutter\bin;E:\Programme\platform-tools;E:\Programme\Git\Git\cmd;C:\apktools;C:\Program Files\Docker\Docker\resources\bin;E:\Programme\nodejs\;E:\Programme\python38_32bit\Scripts\;E:\Programme\python38_32bit\;C:\Users\JEREMIE\AppData\Local\Microsoft\WindowsApps;E:\Programme\VSCode\Microsoft VS Code\bin;E:\Programme\MinGW\bin;E:\Programme\jdk;C:\Users\JEREMIE\.lmstudio\bin;E:\Programme\Nmap;C:\Users\JEREMIE\AppData\Local\Programs\Antigravity\bin;C:\Users\JEREMIE\AppData\Local\Microsoft\WindowsApps;C:\Users\JEREMIE\AppData\Roaming\npm
USERNAME=JEREMIE
OS=Windows_NT
PROCESSOR_IDENTIFIER=Intel64 Family 6 Model 142 Stepping 12, GenuineIntel
TMP=C:\Users\JEREMIE\AppData\Local\Temp
TEMP=C:\Users\JEREMIE\AppData\Local\Temp




Periodic native trim disabled

---------------  S Y S T E M  ---------------

OS:
 Windows 11 , 64 bit Build 26100 (10.0.26100.7920)
OS uptime: 0 days 16:57 hours
Hyper-V role detected

CPU: total 8 (initial active 8) (4 cores per cpu, 2 threads per core) family 6 model 142 stepping 12 microcode 0xfa, cx8, cmov, fxsr, ht, mmx, 3dnowpref, sse, sse2, sse3, ssse3, sse4.1, sse4.2, popcnt, lzcnt, tsc, tscinvbit, avx, avx2, aes, erms, clmul, bmi1, bmi2, adx, fma, vzeroupper, clflush, clflushopt, hv, rdtscp, f16c
Processor Information for the first 8 processors :
  Max Mhz: 1992, Current Mhz: 796, Mhz Limit: 796

Memory: 4k page, system-wide physical 7971M (924M free)
TotalPageFile size 18717M (AvailPageFile size 3M)
current process WorkingSet (physical memory assigned to process): 29M, peak: 29M
current process commit charge ("private bytes"): 203M, peak: 204M

vm_info: Java HotSpot(TM) 64-Bit Server VM (24.0.1+9-30) for windows-amd64 JRE (24.0.1+9-30), built on 2025-03-05T07:23:45Z with MS VC++ 17.6 (VS2022)

END.
